<?xml version="1.0" encoding="UTF-8"?>
<!-- Generated by org.testng.reporters.JUnitXMLReporter -->
<testsuite ignored="1" hostname="DESKTOP-MGEE5SL" failures="0" tests="5" name="Default test" time="1.074" errors="0" timestamp="2022-04-25T12:42:16 IST">
  <testcase classname="POM.keywordss" name="testc" time="0.006"/>
  <testcase classname="POM.keywordss" name="test2" time="0.001"/>
  <testcase classname="POM.keywordss" name="test2" time="0.0"/>
  <testcase classname="POM.keywordss" name="testk" time="1.02"/>
  <testcase classname="POM.keywordss" name="testa" time="0.0"/>
  <testcase classname="POM.keywordss" name="tests" time="0.0">
    <ignored/>
  </testcase> <!-- tests -->
</testsuite> <!-- Default test -->
