<?xml version="1.0" encoding="UTF-8"?>
<testng-results ignored="1" total="6" passed="5" failed="0" skipped="0">
  <reporter-output>
  </reporter-output>
  <suite started-at="2022-04-25T12:42:15 IST" name="Default suite" finished-at="2022-04-25T12:42:16 IST" duration-ms="1074">
    <groups>
    </groups>
    <test started-at="2022-04-25T12:42:15 IST" name="Default test" finished-at="2022-04-25T12:42:16 IST" duration-ms="1074">
      <class name="POM.keywordss">
        <test-method is-config="true" signature="beforeclass()[pri:0, instance:POM.keywordss@69997e9d]" started-at="2022-04-25T12:42:15 IST" name="beforeclass" finished-at="2022-04-25T12:42:15 IST" duration-ms="4" status="PASS">
          <reporter-output>
          </reporter-output>
        </test-method> <!-- beforeclass -->
        <test-method is-config="true" signature="beforemethode()[pri:0, instance:POM.keywordss@69997e9d]" started-at="2022-04-25T12:42:15 IST" name="beforemethode" finished-at="2022-04-25T12:42:15 IST" duration-ms="0" status="PASS">
          <reporter-output>
          </reporter-output>
        </test-method> <!-- beforemethode -->
        <test-method signature="testc()[pri:-1, instance:POM.keywordss@69997e9d]" started-at="2022-04-25T12:42:15 IST" name="testc" finished-at="2022-04-25T12:42:15 IST" duration-ms="6" status="PASS">
          <reporter-output>
          </reporter-output>
        </test-method> <!-- testc -->
        <test-method is-config="true" signature="aftermethode()[pri:0, instance:POM.keywordss@69997e9d]" started-at="2022-04-25T12:42:15 IST" name="aftermethode" finished-at="2022-04-25T12:42:15 IST" duration-ms="0" status="PASS">
          <reporter-output>
          </reporter-output>
        </test-method> <!-- aftermethode -->
        <test-method is-config="true" signature="beforemethode()[pri:0, instance:POM.keywordss@69997e9d]" started-at="2022-04-25T12:42:15 IST" name="beforemethode" finished-at="2022-04-25T12:42:15 IST" duration-ms="1" status="PASS">
          <reporter-output>
          </reporter-output>
        </test-method> <!-- beforemethode -->
        <test-method signature="test2()[pri:0, instance:POM.keywordss@69997e9d]" started-at="2022-04-25T12:42:15 IST" name="test2" finished-at="2022-04-25T12:42:15 IST" duration-ms="1" status="PASS">
          <reporter-output>
          </reporter-output>
        </test-method> <!-- test2 -->
        <test-method is-config="true" signature="aftermethode()[pri:0, instance:POM.keywordss@69997e9d]" started-at="2022-04-25T12:42:15 IST" name="aftermethode" finished-at="2022-04-25T12:42:15 IST" duration-ms="1" status="PASS">
          <reporter-output>
          </reporter-output>
        </test-method> <!-- aftermethode -->
        <test-method is-config="true" signature="beforemethode()[pri:0, instance:POM.keywordss@69997e9d]" started-at="2022-04-25T12:42:15 IST" name="beforemethode" finished-at="2022-04-25T12:42:15 IST" duration-ms="0" status="PASS">
          <reporter-output>
          </reporter-output>
        </test-method> <!-- beforemethode -->
        <test-method signature="test2()[pri:0, instance:POM.keywordss@69997e9d]" started-at="2022-04-25T12:42:15 IST" name="test2" finished-at="2022-04-25T12:42:15 IST" duration-ms="0" status="PASS">
          <reporter-output>
          </reporter-output>
        </test-method> <!-- test2 -->
        <test-method is-config="true" signature="aftermethode()[pri:0, instance:POM.keywordss@69997e9d]" started-at="2022-04-25T12:42:15 IST" name="aftermethode" finished-at="2022-04-25T12:42:15 IST" duration-ms="0" status="PASS">
          <reporter-output>
          </reporter-output>
        </test-method> <!-- aftermethode -->
        <test-method is-config="true" signature="beforemethode()[pri:0, instance:POM.keywordss@69997e9d]" started-at="2022-04-25T12:42:15 IST" name="beforemethode" finished-at="2022-04-25T12:42:15 IST" duration-ms="0" status="PASS">
          <reporter-output>
          </reporter-output>
        </test-method> <!-- beforemethode -->
        <test-method signature="testk()[pri:0, instance:POM.keywordss@69997e9d]" started-at="2022-04-25T12:42:15 IST" name="testk" finished-at="2022-04-25T12:42:16 IST" duration-ms="1020" status="PASS">
          <reporter-output>
          </reporter-output>
        </test-method> <!-- testk -->
        <test-method is-config="true" signature="aftermethode()[pri:0, instance:POM.keywordss@69997e9d]" started-at="2022-04-25T12:42:16 IST" name="aftermethode" finished-at="2022-04-25T12:42:16 IST" duration-ms="1" status="PASS">
          <reporter-output>
          </reporter-output>
        </test-method> <!-- aftermethode -->
        <test-method is-config="true" signature="beforemethode()[pri:0, instance:POM.keywordss@69997e9d]" started-at="2022-04-25T12:42:16 IST" name="beforemethode" finished-at="2022-04-25T12:42:16 IST" duration-ms="1" status="PASS">
          <reporter-output>
          </reporter-output>
        </test-method> <!-- beforemethode -->
        <test-method signature="testa()[pri:1, instance:POM.keywordss@69997e9d]" started-at="2022-04-25T12:42:16 IST" name="testa" finished-at="2022-04-25T12:42:16 IST" duration-ms="0" status="PASS">
          <reporter-output>
          </reporter-output>
        </test-method> <!-- testa -->
        <test-method is-config="true" signature="aftermethode()[pri:0, instance:POM.keywordss@69997e9d]" started-at="2022-04-25T12:42:16 IST" name="aftermethode" finished-at="2022-04-25T12:42:16 IST" duration-ms="1" status="PASS">
          <reporter-output>
          </reporter-output>
        </test-method> <!-- aftermethode -->
        <test-method is-config="true" signature="afterclass()[pri:0, instance:POM.keywordss@69997e9d]" started-at="2022-04-25T12:42:16 IST" name="afterclass" finished-at="2022-04-25T12:42:16 IST" duration-ms="0" status="PASS">
          <reporter-output>
          </reporter-output>
        </test-method> <!-- afterclass -->
      </class> <!-- POM.keywordss -->
    </test> <!-- Default test -->
  </suite> <!-- Default suite -->
</testng-results>
